\BOOKMARK [0][-]{chapter.1}{\376\377\000K\000n\000i\000g\000h\000t\000\040\000P\000a\000t\000h\000\040\000P\000r\000o\000b\000l\000e\000m\000:\000\040\000T\000h\000i\000s\000\040\000i\000s\000\040\000p\000r\000o\000b\000l\000e\000m\000\040\000t\000o\000\040\000f\000i\000n\000d\000\040\000c\000e\000r\000t\000a\000i\000n\000\040\000p\000a\000t\000h\000s\000\040\000t\000h\000a\000t\000\040\000a\000\040\000k\000n\000i\000g\000h\000t\000\040\000c\000a\000n\000\040\000f\000o\000l\000l\000o\000w\000.}{}
\BOOKMARK [0][-]{chapter.2}{\376\377\000N\000a\000m\000e\000s\000p\000a\000c\000e\000\040\000I\000n\000d\000e\000x}{}
\BOOKMARK [1][-]{section.2.1}{\376\377\000N\000a\000m\000e\000s\000p\000a\000c\000e\000\040\000L\000i\000s\000t}{chapter.2}
\BOOKMARK [0][-]{chapter.3}{\376\377\000C\000l\000a\000s\000s\000\040\000I\000n\000d\000e\000x}{}
\BOOKMARK [1][-]{section.3.1}{\376\377\000C\000l\000a\000s\000s\000\040\000L\000i\000s\000t}{chapter.3}
\BOOKMARK [0][-]{chapter.4}{\376\377\000N\000a\000m\000e\000s\000p\000a\000c\000e\000\040\000D\000o\000c\000u\000m\000e\000n\000t\000a\000t\000i\000o\000n}{}
\BOOKMARK [1][-]{section.4.1}{\376\377\000k\000n\000i\000g\000h\000t\000\137\000t\000\040\000N\000a\000m\000e\000s\000p\000a\000c\000e\000\040\000R\000e\000f\000e\000r\000e\000n\000c\000e}{chapter.4}
\BOOKMARK [2][-]{subsection.4.1.1}{\376\377\000D\000e\000t\000a\000i\000l\000e\000d\000\040\000D\000e\000s\000c\000r\000i\000p\000t\000i\000o\000n}{section.4.1}
\BOOKMARK [2][-]{subsection.4.1.2}{\376\377\000F\000u\000n\000c\000t\000i\000o\000n\000\040\000D\000o\000c\000u\000m\000e\000n\000t\000a\000t\000i\000o\000n}{section.4.1}
\BOOKMARK [3][-]{subsubsection.4.1.2.1}{\376\377\000d\000i\000s\000p\000l\000a\000y\000\137\000p\000a\000t\000h\000\137\000o\000n\000\137\000b\000o\000a\000r\000d}{subsection.4.1.2}
\BOOKMARK [3][-]{subsubsection.4.1.2.2}{\376\377\000s\000c\000a\000n\000\137\000b\000o\000a\000r\000d\000\137\000d\000i\000a\000g\000r\000a\000m}{subsection.4.1.2}
\BOOKMARK [3][-]{subsubsection.4.1.2.3}{\376\377\000s\000c\000a\000n\000\137\000d\000i\000m\000\137\000s\000r\000c\000\137\000d\000e\000s\000t}{subsection.4.1.2}
\BOOKMARK [3][-]{subsubsection.4.1.2.4}{\376\377\000s\000c\000a\000n\000\137\000p\000a\000t\000h\000\137\000s\000t\000r\000i\000n\000g}{subsection.4.1.2}
\BOOKMARK [3][-]{subsubsection.4.1.2.5}{\376\377\000s\000e\000t\000\137\000b\000o\000a\000r\000d\000\137\000c\000o\000s\000t\000\137\0001\0006\000x\0001\0006}{subsection.4.1.2}
\BOOKMARK [3][-]{subsubsection.4.1.2.6}{\376\377\000s\000e\000t\000\137\000b\000o\000a\000r\000d\000\137\000c\000o\000s\000t\000\137\0003\0002\000x\0003\0002}{subsection.4.1.2}
\BOOKMARK [3][-]{subsubsection.4.1.2.7}{\376\377\000s\000e\000t\000\137\000b\000o\000a\000r\000d\000\137\000c\000o\000s\000t\000\137\0008\000x\0008}{subsection.4.1.2}
\BOOKMARK [0][-]{chapter.5}{\376\377\000C\000l\000a\000s\000s\000\040\000D\000o\000c\000u\000m\000e\000n\000t\000a\000t\000i\000o\000n}{}
\BOOKMARK [1][-]{section.5.1}{\376\377\000k\000n\000i\000g\000h\000t\000\137\000t\000:\000:\000b\000o\000a\000r\000d\000\137\000t\000\040\000C\000l\000a\000s\000s\000\040\000R\000e\000f\000e\000r\000e\000n\000c\000e}{chapter.5}
\BOOKMARK [2][-]{subsection.5.1.1}{\376\377\000D\000e\000t\000a\000i\000l\000e\000d\000\040\000D\000e\000s\000c\000r\000i\000p\000t\000i\000o\000n}{section.5.1}
\BOOKMARK [2][-]{subsection.5.1.2}{\376\377\000C\000o\000n\000s\000t\000r\000u\000c\000t\000o\000r\000\040\000\046\000\040\000D\000e\000s\000t\000r\000u\000c\000t\000o\000r\000\040\000D\000o\000c\000u\000m\000e\000n\000t\000a\000t\000i\000o\000n}{section.5.1}
\BOOKMARK [3][-]{subsubsection.5.1.2.1}{\376\377\000b\000o\000a\000r\000d\000\137\000t}{subsection.5.1.2}
\BOOKMARK [2][-]{subsection.5.1.3}{\376\377\000M\000e\000m\000b\000e\000r\000\040\000F\000u\000n\000c\000t\000i\000o\000n\000\040\000D\000o\000c\000u\000m\000e\000n\000t\000a\000t\000i\000o\000n}{section.5.1}
\BOOKMARK [3][-]{subsubsection.5.1.3.1}{\376\377\000c\000h\000e\000c\000k\000\137\000v\000a\000l\000i\000d\000\137\000p\000a\000t\000h}{subsection.5.1.3}
\BOOKMARK [3][-]{subsubsection.5.1.3.2}{\376\377\000d\000i\000s\000p\000l\000a\000y\000\137\000b\000o\000a\000r\000d}{subsection.5.1.3}
\BOOKMARK [3][-]{subsubsection.5.1.3.3}{\376\377\000d\000i\000s\000p\000l\000a\000y\000\137\000m\000o\000v\000e}{subsection.5.1.3}
\BOOKMARK [3][-]{subsubsection.5.1.3.4}{\376\377\000d\000i\000s\000p\000l\000a\000y\000\137\000p\000a\000t\000h}{subsection.5.1.3}
\BOOKMARK [3][-]{subsubsection.5.1.3.5}{\376\377\000g\000e\000t}{subsection.5.1.3}
\BOOKMARK [3][-]{subsubsection.5.1.3.6}{\376\377\000g\000e\000t\000\137\000t\000e\000l\000e\000p\000o\000r\000t\000\137\000x}{subsection.5.1.3}
\BOOKMARK [3][-]{subsubsection.5.1.3.7}{\376\377\000g\000e\000t\000\137\000t\000e\000l\000e\000p\000o\000r\000t\000\137\000y}{subsection.5.1.3}
\BOOKMARK [3][-]{subsubsection.5.1.3.8}{\376\377\000k\000n\000i\000g\000h\000t\000\137\000n\000e\000i\000g\000h\000b\000o\000r}{subsection.5.1.3}
\BOOKMARK [3][-]{subsubsection.5.1.3.9}{\376\377\000o\000n\000\137\000b\000o\000a\000r\000d}{subsection.5.1.3}
\BOOKMARK [3][-]{subsubsection.5.1.3.10}{\376\377\000r\000e\000s\000e\000t}{subsection.5.1.3}
\BOOKMARK [3][-]{subsubsection.5.1.3.11}{\376\377\000s\000e\000t}{subsection.5.1.3}
\BOOKMARK [3][-]{subsubsection.5.1.3.12}{\376\377\000s\000e\000t\000\137\000t\000e\000l\000e\000p\000o\000r\000t\000\137\000c\000e\000l\000l\000s}{subsection.5.1.3}
\BOOKMARK [3][-]{subsubsection.5.1.3.13}{\376\377\000t\000e\000l\000e\000p\000o\000r\000t\000\137\000p\000o\000i\000n\000t\000s}{subsection.5.1.3}
\BOOKMARK [3][-]{subsubsection.5.1.3.14}{\376\377\000v\000a\000l\000u\000e}{subsection.5.1.3}
\BOOKMARK [1][-]{section.5.2}{\376\377\000k\000n\000i\000g\000h\000t\000\137\000t\000:\000:\000c\000e\000l\000l\000\137\000i\000n\000d\000\137\000t\000\040\000S\000t\000r\000u\000c\000t\000\040\000R\000e\000f\000e\000r\000e\000n\000c\000e}{chapter.5}
\BOOKMARK [2][-]{subsection.5.2.1}{\376\377\000D\000e\000t\000a\000i\000l\000e\000d\000\040\000D\000e\000s\000c\000r\000i\000p\000t\000i\000o\000n}{section.5.2}
\BOOKMARK [1][-]{section.5.3}{\376\377\000k\000n\000i\000g\000h\000t\000\137\000t\000:\000:\000c\000e\000l\000l\000\137\000t\000\040\000S\000t\000r\000u\000c\000t\000\040\000R\000e\000f\000e\000r\000e\000n\000c\000e}{chapter.5}
\BOOKMARK [2][-]{subsection.5.3.1}{\376\377\000D\000e\000t\000a\000i\000l\000e\000d\000\040\000D\000e\000s\000c\000r\000i\000p\000t\000i\000o\000n}{section.5.3}
\BOOKMARK [1][-]{section.5.4}{\376\377\000k\000n\000i\000g\000h\000t\000\137\000t\000:\000:\000s\000e\000a\000r\000c\000h\000\137\000p\000a\000t\000h\000\137\000t\000\040\000C\000l\000a\000s\000s\000\040\000R\000e\000f\000e\000r\000e\000n\000c\000e}{chapter.5}
\BOOKMARK [2][-]{subsection.5.4.1}{\376\377\000D\000e\000t\000a\000i\000l\000e\000d\000\040\000D\000e\000s\000c\000r\000i\000p\000t\000i\000o\000n}{section.5.4}
\BOOKMARK [2][-]{subsection.5.4.2}{\376\377\000C\000o\000n\000s\000t\000r\000u\000c\000t\000o\000r\000\040\000\046\000\040\000D\000e\000s\000t\000r\000u\000c\000t\000o\000r\000\040\000D\000o\000c\000u\000m\000e\000n\000t\000a\000t\000i\000o\000n}{section.5.4}
\BOOKMARK [3][-]{subsubsection.5.4.2.1}{\376\377\000s\000e\000a\000r\000c\000h\000\137\000p\000a\000t\000h\000\137\000t}{subsection.5.4.2}
\BOOKMARK [2][-]{subsection.5.4.3}{\376\377\000M\000e\000m\000b\000e\000r\000\040\000F\000u\000n\000c\000t\000i\000o\000n\000\040\000D\000o\000c\000u\000m\000e\000n\000t\000a\000t\000i\000o\000n}{section.5.4}
\BOOKMARK [3][-]{subsubsection.5.4.3.1}{\376\377\000d\000i\000s\000p\000l\000a\000y\000\137\000s\000t\000e\000p\000\137\000p\000a\000t\000h}{subsection.5.4.3}
\BOOKMARK [3][-]{subsubsection.5.4.3.2}{\376\377\000g\000e\000t\000\137\000p\000a\000t\000h}{subsection.5.4.3}
\BOOKMARK [3][-]{subsubsection.5.4.3.3}{\376\377\000m\000o\000v\000e\000\137\000b\000l\000o\000c\000k\000e\000d}{subsection.5.4.3}
\BOOKMARK [3][-]{subsubsection.5.4.3.4}{\376\377\000m\000o\000v\000e\000\137\000i\000n\000t\000e\000r\000s\000t\000e\000p\000s}{subsection.5.4.3}
\BOOKMARK [3][-]{subsubsection.5.4.3.5}{\376\377\000n\000e\000w\000\137\000c\000o\000s\000t}{subsection.5.4.3}
\BOOKMARK [3][-]{subsubsection.5.4.3.6}{\376\377\000s\000e\000t\000\137\000t\000e\000l\000e\000p\000o\000r\000t\000\137\000n\000a\000v}{subsection.5.4.3}
\BOOKMARK [3][-]{subsubsection.5.4.3.7}{\376\377\000t\000r\000a\000c\000e\000\137\000p\000a\000t\000h}{subsection.5.4.3}
